<?xml version="1.0" encoding="UTF-8"?>
<testsuite xmlns:xsi="http://www.w3.org/2001/XMLSchema-instance" xsi:noNamespaceSchemaLocation="https://maven.apache.org/surefire/maven-surefire-plugin/xsd/surefire-test-report.xsd" name="RedisTest" time="12.164" tests="1" errors="0" skipped="0" failures="0">
  <properties>
    <property name="sun.desktop" value="windows"/>
    <property name="awt.toolkit" value="sun.awt.windows.WToolkit"/>
    <property name="file.encoding.pkg" value="sun.io"/>
    <property name="java.specification.version" value="1.8"/>
    <property name="sun.cpu.isalist" value="pentium_pro+mmx pentium_pro pentium+mmx pentium i486 i386 i86"/>
    <property name="sun.jnu.encoding" value="GBK"/>
    <property name="java.class.path" value="D:\IDEA\WorkPlace\MyProject\music\music\target\test-classes;D:\IDEA\WorkPlace\MyProject\music\music\target\classes;D:\MyMaven\ALL_dependency\org\springframework\boot\spring-boot-starter-web\2.3.3.RELEASE\spring-boot-starter-web-2.3.3.RELEASE.jar;D:\MyMaven\ALL_dependency\org\springframework\boot\spring-boot-starter\2.3.3.RELEASE\spring-boot-starter-2.3.3.RELEASE.jar;D:\MyMaven\ALL_dependency\org\springframework\boot\spring-boot\2.3.3.RELEASE\spring-boot-2.3.3.RELEASE.jar;D:\MyMaven\ALL_dependency\org\springframework\boot\spring-boot-starter-logging\2.3.3.RELEASE\spring-boot-starter-logging-2.3.3.RELEASE.jar;D:\MyMaven\ALL_dependency\ch\qos\logback\logback-classic\1.2.3\logback-classic-1.2.3.jar;D:\MyMaven\ALL_dependency\ch\qos\logback\logback-core\1.2.3\logback-core-1.2.3.jar;D:\MyMaven\ALL_dependency\org\apache\logging\log4j\log4j-to-slf4j\2.13.3\log4j-to-slf4j-2.13.3.jar;D:\MyMaven\ALL_dependency\org\apache\logging\log4j\log4j-api\2.13.3\log4j-api-2.13.3.jar;D:\MyMaven\ALL_dependency\org\slf4j\jul-to-slf4j\1.7.30\jul-to-slf4j-1.7.30.jar;D:\MyMaven\ALL_dependency\jakarta\annotation\jakarta.annotation-api\1.3.5\jakarta.annotation-api-1.3.5.jar;D:\MyMaven\ALL_dependency\org\yaml\snakeyaml\1.26\snakeyaml-1.26.jar;D:\MyMaven\ALL_dependency\org\springframework\boot\spring-boot-starter-json\2.3.3.RELEASE\spring-boot-starter-json-2.3.3.RELEASE.jar;D:\MyMaven\ALL_dependency\com\fasterxml\jackson\core\jackson-databind\2.11.2\jackson-databind-2.11.2.jar;D:\MyMaven\ALL_dependency\com\fasterxml\jackson\core\jackson-core\2.11.2\jackson-core-2.11.2.jar;D:\MyMaven\ALL_dependency\com\fasterxml\jackson\datatype\jackson-datatype-jdk8\2.11.2\jackson-datatype-jdk8-2.11.2.jar;D:\MyMaven\ALL_dependency\com\fasterxml\jackson\datatype\jackson-datatype-jsr310\2.11.2\jackson-datatype-jsr310-2.11.2.jar;D:\MyMaven\ALL_dependency\com\fasterxml\jackson\module\jackson-module-parameter-names\2.11.2\jackson-module-parameter-names-2.11.2.jar;D:\MyMaven\ALL_dependency\org\springframework\boot\spring-boot-starter-tomcat\2.3.3.RELEASE\spring-boot-starter-tomcat-2.3.3.RELEASE.jar;D:\MyMaven\ALL_dependency\org\apache\tomcat\embed\tomcat-embed-core\9.0.37\tomcat-embed-core-9.0.37.jar;D:\MyMaven\ALL_dependency\org\glassfish\jakarta.el\3.0.3\jakarta.el-3.0.3.jar;D:\MyMaven\ALL_dependency\org\apache\tomcat\embed\tomcat-embed-websocket\9.0.37\tomcat-embed-websocket-9.0.37.jar;D:\MyMaven\ALL_dependency\org\springframework\spring-web\5.2.8.RELEASE\spring-web-5.2.8.RELEASE.jar;D:\MyMaven\ALL_dependency\org\springframework\spring-beans\5.2.8.RELEASE\spring-beans-5.2.8.RELEASE.jar;D:\MyMaven\ALL_dependency\org\springframework\spring-webmvc\5.2.8.RELEASE\spring-webmvc-5.2.8.RELEASE.jar;D:\MyMaven\ALL_dependency\org\springframework\spring-aop\5.2.8.RELEASE\spring-aop-5.2.8.RELEASE.jar;D:\MyMaven\ALL_dependency\org\springframework\spring-context\5.2.8.RELEASE\spring-context-5.2.8.RELEASE.jar;D:\MyMaven\ALL_dependency\org\springframework\spring-expression\5.2.8.RELEASE\spring-expression-5.2.8.RELEASE.jar;D:\MyMaven\ALL_dependency\org\springframework\boot\spring-boot-starter-data-rest\2.3.3.RELEASE\spring-boot-starter-data-rest-2.3.3.RELEASE.jar;D:\MyMaven\ALL_dependency\org\springframework\data\spring-data-rest-webmvc\3.3.3.RELEASE\spring-data-rest-webmvc-3.3.3.RELEASE.jar;D:\MyMaven\ALL_dependency\org\springframework\data\spring-data-rest-core\3.3.3.RELEASE\spring-data-rest-core-3.3.3.RELEASE.jar;D:\MyMaven\ALL_dependency\org\springframework\hateoas\spring-hateoas\1.1.1.RELEASE\spring-hateoas-1.1.1.RELEASE.jar;D:\MyMaven\ALL_dependency\org\springframework\data\spring-data-commons\2.3.3.RELEASE\spring-data-commons-2.3.3.RELEASE.jar;D:\MyMaven\ALL_dependency\org\atteo\evo-inflector\1.2.2\evo-inflector-1.2.2.jar;D:\MyMaven\ALL_dependency\com\fasterxml\jackson\core\jackson-annotations\2.11.2\jackson-annotations-2.11.2.jar;D:\MyMaven\ALL_dependency\org\springframework\boot\spring-boot-starter-test\2.3.3.RELEASE\spring-boot-starter-test-2.3.3.RELEASE.jar;D:\MyMaven\ALL_dependency\org\springframework\boot\spring-boot-test\2.3.3.RELEASE\spring-boot-test-2.3.3.RELEASE.jar;D:\MyMaven\ALL_dependency\org\springframework\boot\spring-boot-test-autoconfigure\2.3.3.RELEASE\spring-boot-test-autoconfigure-2.3.3.RELEASE.jar;D:\MyMaven\ALL_dependency\com\jayway\jsonpath\json-path\2.4.0\json-path-2.4.0.jar;D:\MyMaven\ALL_dependency\net\minidev\json-smart\2.3\json-smart-2.3.jar;D:\MyMaven\ALL_dependency\net\minidev\accessors-smart\1.2\accessors-smart-1.2.jar;D:\MyMaven\ALL_dependency\org\ow2\asm\asm\5.0.4\asm-5.0.4.jar;D:\MyMaven\ALL_dependency\jakarta\xml\bind\jakarta.xml.bind-api\2.3.3\jakarta.xml.bind-api-2.3.3.jar;D:\MyMaven\ALL_dependency\jakarta\activation\jakarta.activation-api\1.2.2\jakarta.activation-api-1.2.2.jar;D:\MyMaven\ALL_dependency\org\assertj\assertj-core\3.16.1\assertj-core-3.16.1.jar;D:\MyMaven\ALL_dependency\org\hamcrest\hamcrest\2.2\hamcrest-2.2.jar;D:\MyMaven\ALL_dependency\org\junit\jupiter\junit-jupiter\5.6.2\junit-jupiter-5.6.2.jar;D:\MyMaven\ALL_dependency\org\junit\jupiter\junit-jupiter-api\5.6.2\junit-jupiter-api-5.6.2.jar;D:\MyMaven\ALL_dependency\org\opentest4j\opentest4j\1.2.0\opentest4j-1.2.0.jar;D:\MyMaven\ALL_dependency\org\junit\platform\junit-platform-commons\1.6.2\junit-platform-commons-1.6.2.jar;D:\MyMaven\ALL_dependency\org\junit\jupiter\junit-jupiter-params\5.6.2\junit-jupiter-params-5.6.2.jar;D:\MyMaven\ALL_dependency\org\junit\jupiter\junit-jupiter-engine\5.6.2\junit-jupiter-engine-5.6.2.jar;D:\MyMaven\ALL_dependency\org\junit\vintage\junit-vintage-engine\5.6.2\junit-vintage-engine-5.6.2.jar;D:\MyMaven\ALL_dependency\org\apiguardian\apiguardian-api\1.1.0\apiguardian-api-1.1.0.jar;D:\MyMaven\ALL_dependency\org\junit\platform\junit-platform-engine\1.6.2\junit-platform-engine-1.6.2.jar;D:\MyMaven\ALL_dependency\junit\junit\4.13\junit-4.13.jar;D:\MyMaven\ALL_dependency\org\mockito\mockito-core\3.3.3\mockito-core-3.3.3.jar;D:\MyMaven\ALL_dependency\net\bytebuddy\byte-buddy\1.10.14\byte-buddy-1.10.14.jar;D:\MyMaven\ALL_dependency\net\bytebuddy\byte-buddy-agent\1.10.14\byte-buddy-agent-1.10.14.jar;D:\MyMaven\ALL_dependency\org\objenesis\objenesis\2.6\objenesis-2.6.jar;D:\MyMaven\ALL_dependency\org\mockito\mockito-junit-jupiter\3.3.3\mockito-junit-jupiter-3.3.3.jar;D:\MyMaven\ALL_dependency\org\skyscreamer\jsonassert\1.5.0\jsonassert-1.5.0.jar;D:\MyMaven\ALL_dependency\com\vaadin\external\google\android-json\0.0.20131108.vaadin1\android-json-0.0.20131108.vaadin1.jar;D:\MyMaven\ALL_dependency\org\springframework\spring-core\5.2.8.RELEASE\spring-core-5.2.8.RELEASE.jar;D:\MyMaven\ALL_dependency\org\springframework\spring-jcl\5.2.8.RELEASE\spring-jcl-5.2.8.RELEASE.jar;D:\MyMaven\ALL_dependency\org\springframework\spring-test\5.2.8.RELEASE\spring-test-5.2.8.RELEASE.jar;D:\MyMaven\ALL_dependency\org\xmlunit\xmlunit-core\2.7.0\xmlunit-core-2.7.0.jar;D:\MyMaven\ALL_dependency\org\mybatis\spring\boot\mybatis-spring-boot-starter\2.1.3\mybatis-spring-boot-starter-2.1.3.jar;D:\MyMaven\ALL_dependency\org\springframework\boot\spring-boot-starter-jdbc\2.3.3.RELEASE\spring-boot-starter-jdbc-2.3.3.RELEASE.jar;D:\MyMaven\ALL_dependency\com\zaxxer\HikariCP\3.4.5\HikariCP-3.4.5.jar;D:\MyMaven\ALL_dependency\org\springframework\spring-jdbc\5.2.8.RELEASE\spring-jdbc-5.2.8.RELEASE.jar;D:\MyMaven\ALL_dependency\org\mybatis\spring\boot\mybatis-spring-boot-autoconfigure\2.1.3\mybatis-spring-boot-autoconfigure-2.1.3.jar;D:\MyMaven\ALL_dependency\org\mybatis\mybatis\3.5.5\mybatis-3.5.5.jar;D:\MyMaven\ALL_dependency\org\mybatis\mybatis-spring\2.0.5\mybatis-spring-2.0.5.jar;D:\MyMaven\ALL_dependency\com\alibaba\druid-spring-boot-starter\1.2.6\druid-spring-boot-starter-1.2.6.jar;D:\MyMaven\ALL_dependency\com\alibaba\druid\1.2.6\druid-1.2.6.jar;D:\MyMaven\ALL_dependency\org\slf4j\slf4j-api\1.7.30\slf4j-api-1.7.30.jar;D:\MyMaven\ALL_dependency\org\springframework\boot\spring-boot-autoconfigure\2.3.3.RELEASE\spring-boot-autoconfigure-2.3.3.RELEASE.jar;D:\MyMaven\ALL_dependency\mysql\mysql-connector-java\8.0.21\mysql-connector-java-8.0.21.jar;D:\MyMaven\ALL_dependency\org\projectlombok\lombok\1.18.12\lombok-1.18.12.jar;D:\MyMaven\ALL_dependency\org\springframework\boot\spring-boot-configuration-processor\2.3.3.RELEASE\spring-boot-configuration-processor-2.3.3.RELEASE.jar;D:\MyMaven\ALL_dependency\org\springframework\boot\spring-boot-starter-data-redis\2.3.3.RELEASE\spring-boot-starter-data-redis-2.3.3.RELEASE.jar;D:\MyMaven\ALL_dependency\org\springframework\data\spring-data-redis\2.3.3.RELEASE\spring-data-redis-2.3.3.RELEASE.jar;D:\MyMaven\ALL_dependency\org\springframework\data\spring-data-keyvalue\2.3.3.RELEASE\spring-data-keyvalue-2.3.3.RELEASE.jar;D:\MyMaven\ALL_dependency\org\springframework\spring-tx\5.2.8.RELEASE\spring-tx-5.2.8.RELEASE.jar;D:\MyMaven\ALL_dependency\org\springframework\spring-oxm\5.2.8.RELEASE\spring-oxm-5.2.8.RELEASE.jar;D:\MyMaven\ALL_dependency\org\springframework\spring-context-support\5.2.8.RELEASE\spring-context-support-5.2.8.RELEASE.jar;D:\MyMaven\ALL_dependency\io\lettuce\lettuce-core\5.3.3.RELEASE\lettuce-core-5.3.3.RELEASE.jar;D:\MyMaven\ALL_dependency\io\netty\netty-common\4.1.51.Final\netty-common-4.1.51.Final.jar;D:\MyMaven\ALL_dependency\io\netty\netty-handler\4.1.51.Final\netty-handler-4.1.51.Final.jar;D:\MyMaven\ALL_dependency\io\netty\netty-resolver\4.1.51.Final\netty-resolver-4.1.51.Final.jar;D:\MyMaven\ALL_dependency\io\netty\netty-buffer\4.1.51.Final\netty-buffer-4.1.51.Final.jar;D:\MyMaven\ALL_dependency\io\netty\netty-codec\4.1.51.Final\netty-codec-4.1.51.Final.jar;D:\MyMaven\ALL_dependency\io\netty\netty-transport\4.1.51.Final\netty-transport-4.1.51.Final.jar;D:\MyMaven\ALL_dependency\io\projectreactor\reactor-core\3.3.9.RELEASE\reactor-core-3.3.9.RELEASE.jar;D:\MyMaven\ALL_dependency\org\reactivestreams\reactive-streams\1.0.3\reactive-streams-1.0.3.jar;D:\MyMaven\ALL_dependency\cn\hutool\hutool-all\5.7.3\hutool-all-5.7.3.jar;D:\MyMaven\ALL_dependency\io\springfox\springfox-boot-starter\3.0.0\springfox-boot-starter-3.0.0.jar;D:\MyMaven\ALL_dependency\io\springfox\springfox-oas\3.0.0\springfox-oas-3.0.0.jar;D:\MyMaven\ALL_dependency\io\swagger\core\v3\swagger-annotations\2.1.2\swagger-annotations-2.1.2.jar;D:\MyMaven\ALL_dependency\io\swagger\core\v3\swagger-models\2.1.2\swagger-models-2.1.2.jar;D:\MyMaven\ALL_dependency\io\springfox\springfox-spi\3.0.0\springfox-spi-3.0.0.jar;D:\MyMaven\ALL_dependency\io\springfox\springfox-schema\3.0.0\springfox-schema-3.0.0.jar;D:\MyMaven\ALL_dependency\io\springfox\springfox-core\3.0.0\springfox-core-3.0.0.jar;D:\MyMaven\ALL_dependency\io\springfox\springfox-spring-web\3.0.0\springfox-spring-web-3.0.0.jar;D:\MyMaven\ALL_dependency\io\github\classgraph\classgraph\4.8.83\classgraph-4.8.83.jar;D:\MyMaven\ALL_dependency\io\springfox\springfox-spring-webmvc\3.0.0\springfox-spring-webmvc-3.0.0.jar;D:\MyMaven\ALL_dependency\io\springfox\springfox-spring-webflux\3.0.0\springfox-spring-webflux-3.0.0.jar;D:\MyMaven\ALL_dependency\io\springfox\springfox-swagger-common\3.0.0\springfox-swagger-common-3.0.0.jar;D:\MyMaven\ALL_dependency\org\mapstruct\mapstruct\1.3.1.Final\mapstruct-1.3.1.Final.jar;D:\MyMaven\ALL_dependency\io\springfox\springfox-data-rest\3.0.0\springfox-data-rest-3.0.0.jar;D:\MyMaven\ALL_dependency\io\springfox\springfox-bean-validators\3.0.0\springfox-bean-validators-3.0.0.jar;D:\MyMaven\ALL_dependency\io\springfox\springfox-swagger2\3.0.0\springfox-swagger2-3.0.0.jar;D:\MyMaven\ALL_dependency\io\swagger\swagger-annotations\1.5.20\swagger-annotations-1.5.20.jar;D:\MyMaven\ALL_dependency\io\swagger\swagger-models\1.5.20\swagger-models-1.5.20.jar;D:\MyMaven\ALL_dependency\io\springfox\springfox-swagger-ui\3.0.0\springfox-swagger-ui-3.0.0.jar;D:\MyMaven\ALL_dependency\com\fasterxml\classmate\1.5.1\classmate-1.5.1.jar;D:\MyMaven\ALL_dependency\org\springframework\plugin\spring-plugin-core\2.0.0.RELEASE\spring-plugin-core-2.0.0.RELEASE.jar;D:\MyMaven\ALL_dependency\org\springframework\plugin\spring-plugin-metadata\2.0.0.RELEASE\spring-plugin-metadata-2.0.0.RELEASE.jar;D:\MyMaven\ALL_dependency\org\jaudiotagger\2.0.3\jaudiotagger-2.0.3.jar;"/>
    <property name="java.vm.vendor" value="Oracle Corporation"/>
    <property name="sun.arch.data.model" value="32"/>
    <property name="user.variant" value=""/>
    <property name="java.vendor.url" value="http://java.oracle.com/"/>
    <property name="user.timezone" value="Asia/Shanghai"/>
    <property name="java.vm.specification.version" value="1.8"/>
    <property name="os.name" value="Windows 10"/>
    <property name="user.country" value="CN"/>
    <property name="sun.java.launcher" value="SUN_STANDARD"/>
    <property name="sun.boot.library.path" value="D:\jdk\jre\bin"/>
    <property name="sun.java.command" value="C:\Users\XiaoQiang\AppData\Local\Temp\surefire8101288212935055567\surefirebooter2622372970158849685.jar C:\Users\XiaoQiang\AppData\Local\Temp\surefire8101288212935055567 2023-12-27T13-52-26_656-jvmRun1 surefire2461291931023407271tmp surefire_07510755093799256056tmp"/>
    <property name="surefire.test.class.path" value="D:\IDEA\WorkPlace\MyProject\music\music\target\test-classes;D:\IDEA\WorkPlace\MyProject\music\music\target\classes;D:\MyMaven\ALL_dependency\org\springframework\boot\spring-boot-starter-web\2.3.3.RELEASE\spring-boot-starter-web-2.3.3.RELEASE.jar;D:\MyMaven\ALL_dependency\org\springframework\boot\spring-boot-starter\2.3.3.RELEASE\spring-boot-starter-2.3.3.RELEASE.jar;D:\MyMaven\ALL_dependency\org\springframework\boot\spring-boot\2.3.3.RELEASE\spring-boot-2.3.3.RELEASE.jar;D:\MyMaven\ALL_dependency\org\springframework\boot\spring-boot-starter-logging\2.3.3.RELEASE\spring-boot-starter-logging-2.3.3.RELEASE.jar;D:\MyMaven\ALL_dependency\ch\qos\logback\logback-classic\1.2.3\logback-classic-1.2.3.jar;D:\MyMaven\ALL_dependency\ch\qos\logback\logback-core\1.2.3\logback-core-1.2.3.jar;D:\MyMaven\ALL_dependency\org\apache\logging\log4j\log4j-to-slf4j\2.13.3\log4j-to-slf4j-2.13.3.jar;D:\MyMaven\ALL_dependency\org\apache\logging\log4j\log4j-api\2.13.3\log4j-api-2.13.3.jar;D:\MyMaven\ALL_dependency\org\slf4j\jul-to-slf4j\1.7.30\jul-to-slf4j-1.7.30.jar;D:\MyMaven\ALL_dependency\jakarta\annotation\jakarta.annotation-api\1.3.5\jakarta.annotation-api-1.3.5.jar;D:\MyMaven\ALL_dependency\org\yaml\snakeyaml\1.26\snakeyaml-1.26.jar;D:\MyMaven\ALL_dependency\org\springframework\boot\spring-boot-starter-json\2.3.3.RELEASE\spring-boot-starter-json-2.3.3.RELEASE.jar;D:\MyMaven\ALL_dependency\com\fasterxml\jackson\core\jackson-databind\2.11.2\jackson-databind-2.11.2.jar;D:\MyMaven\ALL_dependency\com\fasterxml\jackson\core\jackson-core\2.11.2\jackson-core-2.11.2.jar;D:\MyMaven\ALL_dependency\com\fasterxml\jackson\datatype\jackson-datatype-jdk8\2.11.2\jackson-datatype-jdk8-2.11.2.jar;D:\MyMaven\ALL_dependency\com\fasterxml\jackson\datatype\jackson-datatype-jsr310\2.11.2\jackson-datatype-jsr310-2.11.2.jar;D:\MyMaven\ALL_dependency\com\fasterxml\jackson\module\jackson-module-parameter-names\2.11.2\jackson-module-parameter-names-2.11.2.jar;D:\MyMaven\ALL_dependency\org\springframework\boot\spring-boot-starter-tomcat\2.3.3.RELEASE\spring-boot-starter-tomcat-2.3.3.RELEASE.jar;D:\MyMaven\ALL_dependency\org\apache\tomcat\embed\tomcat-embed-core\9.0.37\tomcat-embed-core-9.0.37.jar;D:\MyMaven\ALL_dependency\org\glassfish\jakarta.el\3.0.3\jakarta.el-3.0.3.jar;D:\MyMaven\ALL_dependency\org\apache\tomcat\embed\tomcat-embed-websocket\9.0.37\tomcat-embed-websocket-9.0.37.jar;D:\MyMaven\ALL_dependency\org\springframework\spring-web\5.2.8.RELEASE\spring-web-5.2.8.RELEASE.jar;D:\MyMaven\ALL_dependency\org\springframework\spring-beans\5.2.8.RELEASE\spring-beans-5.2.8.RELEASE.jar;D:\MyMaven\ALL_dependency\org\springframework\spring-webmvc\5.2.8.RELEASE\spring-webmvc-5.2.8.RELEASE.jar;D:\MyMaven\ALL_dependency\org\springframework\spring-aop\5.2.8.RELEASE\spring-aop-5.2.8.RELEASE.jar;D:\MyMaven\ALL_dependency\org\springframework\spring-context\5.2.8.RELEASE\spring-context-5.2.8.RELEASE.jar;D:\MyMaven\ALL_dependency\org\springframework\spring-expression\5.2.8.RELEASE\spring-expression-5.2.8.RELEASE.jar;D:\MyMaven\ALL_dependency\org\springframework\boot\spring-boot-starter-data-rest\2.3.3.RELEASE\spring-boot-starter-data-rest-2.3.3.RELEASE.jar;D:\MyMaven\ALL_dependency\org\springframework\data\spring-data-rest-webmvc\3.3.3.RELEASE\spring-data-rest-webmvc-3.3.3.RELEASE.jar;D:\MyMaven\ALL_dependency\org\springframework\data\spring-data-rest-core\3.3.3.RELEASE\spring-data-rest-core-3.3.3.RELEASE.jar;D:\MyMaven\ALL_dependency\org\springframework\hateoas\spring-hateoas\1.1.1.RELEASE\spring-hateoas-1.1.1.RELEASE.jar;D:\MyMaven\ALL_dependency\org\springframework\data\spring-data-commons\2.3.3.RELEASE\spring-data-commons-2.3.3.RELEASE.jar;D:\MyMaven\ALL_dependency\org\atteo\evo-inflector\1.2.2\evo-inflector-1.2.2.jar;D:\MyMaven\ALL_dependency\com\fasterxml\jackson\core\jackson-annotations\2.11.2\jackson-annotations-2.11.2.jar;D:\MyMaven\ALL_dependency\org\springframework\boot\spring-boot-starter-test\2.3.3.RELEASE\spring-boot-starter-test-2.3.3.RELEASE.jar;D:\MyMaven\ALL_dependency\org\springframework\boot\spring-boot-test\2.3.3.RELEASE\spring-boot-test-2.3.3.RELEASE.jar;D:\MyMaven\ALL_dependency\org\springframework\boot\spring-boot-test-autoconfigure\2.3.3.RELEASE\spring-boot-test-autoconfigure-2.3.3.RELEASE.jar;D:\MyMaven\ALL_dependency\com\jayway\jsonpath\json-path\2.4.0\json-path-2.4.0.jar;D:\MyMaven\ALL_dependency\net\minidev\json-smart\2.3\json-smart-2.3.jar;D:\MyMaven\ALL_dependency\net\minidev\accessors-smart\1.2\accessors-smart-1.2.jar;D:\MyMaven\ALL_dependency\org\ow2\asm\asm\5.0.4\asm-5.0.4.jar;D:\MyMaven\ALL_dependency\jakarta\xml\bind\jakarta.xml.bind-api\2.3.3\jakarta.xml.bind-api-2.3.3.jar;D:\MyMaven\ALL_dependency\jakarta\activation\jakarta.activation-api\1.2.2\jakarta.activation-api-1.2.2.jar;D:\MyMaven\ALL_dependency\org\assertj\assertj-core\3.16.1\assertj-core-3.16.1.jar;D:\MyMaven\ALL_dependency\org\hamcrest\hamcrest\2.2\hamcrest-2.2.jar;D:\MyMaven\ALL_dependency\org\junit\jupiter\junit-jupiter\5.6.2\junit-jupiter-5.6.2.jar;D:\MyMaven\ALL_dependency\org\junit\jupiter\junit-jupiter-api\5.6.2\junit-jupiter-api-5.6.2.jar;D:\MyMaven\ALL_dependency\org\opentest4j\opentest4j\1.2.0\opentest4j-1.2.0.jar;D:\MyMaven\ALL_dependency\org\junit\platform\junit-platform-commons\1.6.2\junit-platform-commons-1.6.2.jar;D:\MyMaven\ALL_dependency\org\junit\jupiter\junit-jupiter-params\5.6.2\junit-jupiter-params-5.6.2.jar;D:\MyMaven\ALL_dependency\org\junit\jupiter\junit-jupiter-engine\5.6.2\junit-jupiter-engine-5.6.2.jar;D:\MyMaven\ALL_dependency\org\junit\vintage\junit-vintage-engine\5.6.2\junit-vintage-engine-5.6.2.jar;D:\MyMaven\ALL_dependency\org\apiguardian\apiguardian-api\1.1.0\apiguardian-api-1.1.0.jar;D:\MyMaven\ALL_dependency\org\junit\platform\junit-platform-engine\1.6.2\junit-platform-engine-1.6.2.jar;D:\MyMaven\ALL_dependency\junit\junit\4.13\junit-4.13.jar;D:\MyMaven\ALL_dependency\org\mockito\mockito-core\3.3.3\mockito-core-3.3.3.jar;D:\MyMaven\ALL_dependency\net\bytebuddy\byte-buddy\1.10.14\byte-buddy-1.10.14.jar;D:\MyMaven\ALL_dependency\net\bytebuddy\byte-buddy-agent\1.10.14\byte-buddy-agent-1.10.14.jar;D:\MyMaven\ALL_dependency\org\objenesis\objenesis\2.6\objenesis-2.6.jar;D:\MyMaven\ALL_dependency\org\mockito\mockito-junit-jupiter\3.3.3\mockito-junit-jupiter-3.3.3.jar;D:\MyMaven\ALL_dependency\org\skyscreamer\jsonassert\1.5.0\jsonassert-1.5.0.jar;D:\MyMaven\ALL_dependency\com\vaadin\external\google\android-json\0.0.20131108.vaadin1\android-json-0.0.20131108.vaadin1.jar;D:\MyMaven\ALL_dependency\org\springframework\spring-core\5.2.8.RELEASE\spring-core-5.2.8.RELEASE.jar;D:\MyMaven\ALL_dependency\org\springframework\spring-jcl\5.2.8.RELEASE\spring-jcl-5.2.8.RELEASE.jar;D:\MyMaven\ALL_dependency\org\springframework\spring-test\5.2.8.RELEASE\spring-test-5.2.8.RELEASE.jar;D:\MyMaven\ALL_dependency\org\xmlunit\xmlunit-core\2.7.0\xmlunit-core-2.7.0.jar;D:\MyMaven\ALL_dependency\org\mybatis\spring\boot\mybatis-spring-boot-starter\2.1.3\mybatis-spring-boot-starter-2.1.3.jar;D:\MyMaven\ALL_dependency\org\springframework\boot\spring-boot-starter-jdbc\2.3.3.RELEASE\spring-boot-starter-jdbc-2.3.3.RELEASE.jar;D:\MyMaven\ALL_dependency\com\zaxxer\HikariCP\3.4.5\HikariCP-3.4.5.jar;D:\MyMaven\ALL_dependency\org\springframework\spring-jdbc\5.2.8.RELEASE\spring-jdbc-5.2.8.RELEASE.jar;D:\MyMaven\ALL_dependency\org\mybatis\spring\boot\mybatis-spring-boot-autoconfigure\2.1.3\mybatis-spring-boot-autoconfigure-2.1.3.jar;D:\MyMaven\ALL_dependency\org\mybatis\mybatis\3.5.5\mybatis-3.5.5.jar;D:\MyMaven\ALL_dependency\org\mybatis\mybatis-spring\2.0.5\mybatis-spring-2.0.5.jar;D:\MyMaven\ALL_dependency\com\alibaba\druid-spring-boot-starter\1.2.6\druid-spring-boot-starter-1.2.6.jar;D:\MyMaven\ALL_dependency\com\alibaba\druid\1.2.6\druid-1.2.6.jar;D:\MyMaven\ALL_dependency\org\slf4j\slf4j-api\1.7.30\slf4j-api-1.7.30.jar;D:\MyMaven\ALL_dependency\org\springframework\boot\spring-boot-autoconfigure\2.3.3.RELEASE\spring-boot-autoconfigure-2.3.3.RELEASE.jar;D:\MyMaven\ALL_dependency\mysql\mysql-connector-java\8.0.21\mysql-connector-java-8.0.21.jar;D:\MyMaven\ALL_dependency\org\projectlombok\lombok\1.18.12\lombok-1.18.12.jar;D:\MyMaven\ALL_dependency\org\springframework\boot\spring-boot-configuration-processor\2.3.3.RELEASE\spring-boot-configuration-processor-2.3.3.RELEASE.jar;D:\MyMaven\ALL_dependency\org\springframework\boot\spring-boot-starter-data-redis\2.3.3.RELEASE\spring-boot-starter-data-redis-2.3.3.RELEASE.jar;D:\MyMaven\ALL_dependency\org\springframework\data\spring-data-redis\2.3.3.RELEASE\spring-data-redis-2.3.3.RELEASE.jar;D:\MyMaven\ALL_dependency\org\springframework\data\spring-data-keyvalue\2.3.3.RELEASE\spring-data-keyvalue-2.3.3.RELEASE.jar;D:\MyMaven\ALL_dependency\org\springframework\spring-tx\5.2.8.RELEASE\spring-tx-5.2.8.RELEASE.jar;D:\MyMaven\ALL_dependency\org\springframework\spring-oxm\5.2.8.RELEASE\spring-oxm-5.2.8.RELEASE.jar;D:\MyMaven\ALL_dependency\org\springframework\spring-context-support\5.2.8.RELEASE\spring-context-support-5.2.8.RELEASE.jar;D:\MyMaven\ALL_dependency\io\lettuce\lettuce-core\5.3.3.RELEASE\lettuce-core-5.3.3.RELEASE.jar;D:\MyMaven\ALL_dependency\io\netty\netty-common\4.1.51.Final\netty-common-4.1.51.Final.jar;D:\MyMaven\ALL_dependency\io\netty\netty-handler\4.1.51.Final\netty-handler-4.1.51.Final.jar;D:\MyMaven\ALL_dependency\io\netty\netty-resolver\4.1.51.Final\netty-resolver-4.1.51.Final.jar;D:\MyMaven\ALL_dependency\io\netty\netty-buffer\4.1.51.Final\netty-buffer-4.1.51.Final.jar;D:\MyMaven\ALL_dependency\io\netty\netty-codec\4.1.51.Final\netty-codec-4.1.51.Final.jar;D:\MyMaven\ALL_dependency\io\netty\netty-transport\4.1.51.Final\netty-transport-4.1.51.Final.jar;D:\MyMaven\ALL_dependency\io\projectreactor\reactor-core\3.3.9.RELEASE\reactor-core-3.3.9.RELEASE.jar;D:\MyMaven\ALL_dependency\org\reactivestreams\reactive-streams\1.0.3\reactive-streams-1.0.3.jar;D:\MyMaven\ALL_dependency\cn\hutool\hutool-all\5.7.3\hutool-all-5.7.3.jar;D:\MyMaven\ALL_dependency\io\springfox\springfox-boot-starter\3.0.0\springfox-boot-starter-3.0.0.jar;D:\MyMaven\ALL_dependency\io\springfox\springfox-oas\3.0.0\springfox-oas-3.0.0.jar;D:\MyMaven\ALL_dependency\io\swagger\core\v3\swagger-annotations\2.1.2\swagger-annotations-2.1.2.jar;D:\MyMaven\ALL_dependency\io\swagger\core\v3\swagger-models\2.1.2\swagger-models-2.1.2.jar;D:\MyMaven\ALL_dependency\io\springfox\springfox-spi\3.0.0\springfox-spi-3.0.0.jar;D:\MyMaven\ALL_dependency\io\springfox\springfox-schema\3.0.0\springfox-schema-3.0.0.jar;D:\MyMaven\ALL_dependency\io\springfox\springfox-core\3.0.0\springfox-core-3.0.0.jar;D:\MyMaven\ALL_dependency\io\springfox\springfox-spring-web\3.0.0\springfox-spring-web-3.0.0.jar;D:\MyMaven\ALL_dependency\io\github\classgraph\classgraph\4.8.83\classgraph-4.8.83.jar;D:\MyMaven\ALL_dependency\io\springfox\springfox-spring-webmvc\3.0.0\springfox-spring-webmvc-3.0.0.jar;D:\MyMaven\ALL_dependency\io\springfox\springfox-spring-webflux\3.0.0\springfox-spring-webflux-3.0.0.jar;D:\MyMaven\ALL_dependency\io\springfox\springfox-swagger-common\3.0.0\springfox-swagger-common-3.0.0.jar;D:\MyMaven\ALL_dependency\org\mapstruct\mapstruct\1.3.1.Final\mapstruct-1.3.1.Final.jar;D:\MyMaven\ALL_dependency\io\springfox\springfox-data-rest\3.0.0\springfox-data-rest-3.0.0.jar;D:\MyMaven\ALL_dependency\io\springfox\springfox-bean-validators\3.0.0\springfox-bean-validators-3.0.0.jar;D:\MyMaven\ALL_dependency\io\springfox\springfox-swagger2\3.0.0\springfox-swagger2-3.0.0.jar;D:\MyMaven\ALL_dependency\io\swagger\swagger-annotations\1.5.20\swagger-annotations-1.5.20.jar;D:\MyMaven\ALL_dependency\io\swagger\swagger-models\1.5.20\swagger-models-1.5.20.jar;D:\MyMaven\ALL_dependency\io\springfox\springfox-swagger-ui\3.0.0\springfox-swagger-ui-3.0.0.jar;D:\MyMaven\ALL_dependency\com\fasterxml\classmate\1.5.1\classmate-1.5.1.jar;D:\MyMaven\ALL_dependency\org\springframework\plugin\spring-plugin-core\2.0.0.RELEASE\spring-plugin-core-2.0.0.RELEASE.jar;D:\MyMaven\ALL_dependency\org\springframework\plugin\spring-plugin-metadata\2.0.0.RELEASE\spring-plugin-metadata-2.0.0.RELEASE.jar;D:\MyMaven\ALL_dependency\org\jaudiotagger\2.0.3\jaudiotagger-2.0.3.jar;"/>
    <property name="sun.cpu.endian" value="little"/>
    <property name="user.home" value="C:\Users\XiaoQiang"/>
    <property name="user.language" value="zh"/>
    <property name="java.specification.vendor" value="Oracle Corporation"/>
    <property name="java.home" value="D:\jdk\jre"/>
    <property name="basedir" value="D:\IDEA\WorkPlace\MyProject\music\music"/>
    <property name="file.separator" value="\"/>
    <property name="line.separator" value="&#10;"/>
    <property name="java.vm.specification.vendor" value="Oracle Corporation"/>
    <property name="java.specification.name" value="Java Platform API Specification"/>
    <property name="java.awt.graphicsenv" value="sun.awt.Win32GraphicsEnvironment"/>
    <property name="surefire.real.class.path" value="C:\Users\XiaoQiang\AppData\Local\Temp\surefire8101288212935055567\surefirebooter2622372970158849685.jar"/>
    <property name="sun.boot.class.path" value="D:\jdk\jre\lib\resources.jar;D:\jdk\jre\lib\rt.jar;D:\jdk\jre\lib\jsse.jar;D:\jdk\jre\lib\jce.jar;D:\jdk\jre\lib\charsets.jar;D:\jdk\jre\lib\jfr.jar;D:\jdk\jre\classes"/>
    <property name="user.script" value=""/>
    <property name="sun.management.compiler" value="HotSpot Client Compiler"/>
    <property name="java.runtime.version" value="1.8.0_361-b09"/>
    <property name="user.name" value="XiaoQiang"/>
    <property name="path.separator" value=";"/>
    <property name="os.version" value="10.0"/>
    <property name="java.endorsed.dirs" value="D:\jdk\jre\lib\endorsed"/>
    <property name="java.runtime.name" value="Java(TM) SE Runtime Environment"/>
    <property name="file.encoding" value="GBK"/>
    <property name="java.vm.name" value="Java HotSpot(TM) Client VM"/>
    <property name="localRepository" value="D:\MyMaven\ALL_dependency"/>
    <property name="java.vendor.url.bug" value="http://bugreport.sun.com/bugreport/"/>
    <property name="java.io.tmpdir" value="C:\Users\XiaoQiang\AppData\Local\Temp\"/>
    <property name="idea.version" value="2023.1.1"/>
    <property name="java.version" value="1.8.0_361"/>
    <property name="user.dir" value="D:\IDEA\WorkPlace\MyProject\music\music"/>
    <property name="os.arch" value="x86"/>
    <property name="java.vm.specification.name" value="Java Virtual Machine Specification"/>
    <property name="java.awt.printerjob" value="sun.awt.windows.WPrinterJob"/>
    <property name="sun.os.patch.level" value=""/>
    <property name="java.library.path" value="D:\jdk\jre\bin;C:\Windows\Sun\Java\bin;C:\Windows\system32;C:\Windows;C:\Windows\system32;C:\Windows;C:\Windows\System32\Wbem;C:\Windows\System32\WindowsPowerShell\v1.0\;C:\Windows\System32\OpenSSH\;C:\Program Files (x86)\NVIDIA Corporation\PhysX\Common;C:\Program Files\NVIDIA Corporation\NVIDIA NvDLISR;D:\jdk\bin;D:\EasyShare\x86\;D:\EasyShare\x64\;D:\python\Scripts;D:\Git\cmd;D:\Windows Kits\10\Windows Performance Toolkit\;D:\工具\CTEX\UserData\miktex\bin;D:\工具\CTEX\MiKTeX\miktex\bin\x64;D:\工具\CTEX\CTeX\ctex\bin;D:\工具\CTEX\CTeX\cct\bin;D:\工具\CTEX\CTeX\ty\bin;D:\工具\CTEX\Ghostscript\gs10.01.1\bin;D:\工具\CTEX\WinEdt;D:\nodejs\;D:\nodejs\node_global;D:\nodejs\node_cache;C:\Program Files\Docker\Docker\resources\bin;D:\MyMaven\apache-maven-3.8.8\bin;C:\Users\XiaoQiang\AppData\Local\Microsoft\WindowsApps;D:\Bandizip\;D:\游戏\QQ_Game\QQGameTempest\Hall.57989\;D:\Clion\CLion 2023.1.1\bin;;D:\webstorm\WebStorm 2023.2.1\bin;;C:\Users\XiaoQiang\AppData\Roaming\npm;."/>
    <property name="java.vm.info" value="mixed mode, sharing"/>
    <property name="java.vendor" value="Oracle Corporation"/>
    <property name="java.vm.version" value="25.361-b09"/>
    <property name="java.specification.maintenance.version" value="4"/>
    <property name="java.ext.dirs" value="D:\jdk\jre\lib\ext;C:\Windows\Sun\Java\lib\ext"/>
    <property name="sun.io.unicode.encoding" value="UnicodeLittle"/>
    <property name="maven.repo.local" value="D:\MyMaven\ALL_dependency"/>
    <property name="java.class.version" value="52.0"/>
  </properties>
  <testcase name="test" classname="RedisTest" time="1.112"/>
</testsuite>